INFO  @ Sun, 13 Mar 2022 22:35:28: 
# Command line: callpeak -t /gpfs/home/snagaraja/ATACseqPipeline/data/bams_noDups/shCD4_1.bam --outdir /gpfs/home/snagaraja/ATACseqPipeline/data/macs3/ --name shCD4_1 --format BAMPE -g mm --nomodel -q 0.01 --call-summits -B
# ARGUMENTS LIST:
# name = shCD4_1
# format = BAMPE
# ChIP-seq file = ['/gpfs/home/snagaraja/ATACseqPipeline/data/bams_noDups/shCD4_1.bam']
# control file = None
# effective genome size = 1.87e+09
# band width = 300
# model fold = [5, 50]
# qvalue cutoff = 1.00e-02
# The maximum gap between significant sites is assigned as the read length/tag size.
# The minimum length of peaks is assigned as the predicted fragment length "d".
# Larger dataset will be scaled towards smaller dataset.
# Range for calculating regional lambda is: 10000 bps
# Broad region calling is off
# Paired-End mode is on
# Searching for subpeak summits is on
 
INFO  @ Sun, 13 Mar 2022 22:35:28: #1 read fragment files... 
INFO  @ Sun, 13 Mar 2022 22:35:28: #1 read treatment fragments... 
INFO  @ Sun, 13 Mar 2022 22:35:34:  1000000 fragments parsed 
INFO  @ Sun, 13 Mar 2022 22:35:41:  2000000 fragments parsed 
INFO  @ Sun, 13 Mar 2022 22:35:48:  3000000 fragments parsed 
INFO  @ Sun, 13 Mar 2022 22:35:54:  4000000 fragments parsed 
INFO  @ Sun, 13 Mar 2022 22:36:01:  5000000 fragments parsed 
INFO  @ Sun, 13 Mar 2022 22:36:07:  6000000 fragments parsed 
INFO  @ Sun, 13 Mar 2022 22:36:13:  7000000 fragments parsed 
INFO  @ Sun, 13 Mar 2022 22:36:19:  8000000 fragments parsed 
INFO  @ Sun, 13 Mar 2022 22:36:26:  9000000 fragments parsed 
INFO  @ Sun, 13 Mar 2022 22:36:32:  10000000 fragments parsed 
INFO  @ Sun, 13 Mar 2022 22:36:38:  11000000 fragments parsed 
INFO  @ Sun, 13 Mar 2022 22:36:44:  12000000 fragments parsed 
INFO  @ Sun, 13 Mar 2022 22:36:51:  13000000 fragments parsed 
INFO  @ Sun, 13 Mar 2022 22:36:56:  14000000 fragments parsed 
INFO  @ Sun, 13 Mar 2022 22:37:02:  15000000 fragments parsed 
INFO  @ Sun, 13 Mar 2022 22:37:08:  16000000 fragments parsed 
INFO  @ Sun, 13 Mar 2022 22:37:14:  17000000 fragments parsed 
INFO  @ Sun, 13 Mar 2022 22:37:20:  18000000 fragments parsed 
INFO  @ Sun, 13 Mar 2022 22:37:26:  19000000 fragments parsed 
INFO  @ Sun, 13 Mar 2022 22:37:30: 19408603 fragments have been read. 
INFO  @ Sun, 13 Mar 2022 22:37:43: #1 mean fragment size is determined as 2782.0 bp from treatment 
INFO  @ Sun, 13 Mar 2022 22:37:43: #1 fragment size = 2782.0 
INFO  @ Sun, 13 Mar 2022 22:37:43: #1  total fragments in treatment: 19408603 
INFO  @ Sun, 13 Mar 2022 22:37:43: #1 user defined the maximum fragments... 
INFO  @ Sun, 13 Mar 2022 22:37:43: #1 filter out redundant fragments by allowing at most 1 identical fragment(s) 
INFO  @ Sun, 13 Mar 2022 22:38:06: #1  fragments after filtering in treatment: 19408288 
INFO  @ Sun, 13 Mar 2022 22:38:06: #1  Redundant rate of treatment: 0.00 
INFO  @ Sun, 13 Mar 2022 22:38:06: #1 finished! 
INFO  @ Sun, 13 Mar 2022 22:38:06: #2 Build Peak Model... 
INFO  @ Sun, 13 Mar 2022 22:38:06: #2 Skipped... 
INFO  @ Sun, 13 Mar 2022 22:38:06: #3 Call peaks... 
INFO  @ Sun, 13 Mar 2022 22:38:06: #3 Going to call summits inside each peak ... 
INFO  @ Sun, 13 Mar 2022 22:38:06: #3 Pre-compute pvalue-qvalue table... 
INFO  @ Sun, 13 Mar 2022 22:48:18: #3 In the peak calling step, the following will be performed simultaneously: 
INFO  @ Sun, 13 Mar 2022 22:48:18: #3   Write bedGraph files for treatment pileup (after scaling if necessary)... shCD4_1_treat_pileup.bdg 
INFO  @ Sun, 13 Mar 2022 22:48:18: #3   Write bedGraph files for control lambda (after scaling if necessary)... shCD4_1_control_lambda.bdg 
INFO  @ Sun, 13 Mar 2022 22:48:18: #3   Pileup will be based on sequencing depth in treatment. 
INFO  @ Sun, 13 Mar 2022 22:48:18: #3 Call peaks for each chromosome... 
INFO  @ Sun, 13 Mar 2022 22:50:32: #4 Write output xls file... /gpfs/home/snagaraja/ATACseqPipeline/data/macs3/shCD4_1_peaks.xls 
INFO  @ Sun, 13 Mar 2022 22:50:32: #4 Write peak in narrowPeak format file... /gpfs/home/snagaraja/ATACseqPipeline/data/macs3/shCD4_1_peaks.narrowPeak 
INFO  @ Sun, 13 Mar 2022 22:50:32: #4 Write summits bed file... /gpfs/home/snagaraja/ATACseqPipeline/data/macs3/shCD4_1_summits.bed 
INFO  @ Sun, 13 Mar 2022 22:50:32: Done! 
