INFO  @ Sun, 13 Mar 2022 22:35:28: 
# Command line: callpeak -t /gpfs/home/snagaraja/ATACseqPipeline/data/bams_noDups/shCD19.bam --outdir /gpfs/home/snagaraja/ATACseqPipeline/data/macs3/ --name shCD19 --format BAMPE -g mm --nomodel -q 0.01 --call-summits -B
# ARGUMENTS LIST:
# name = shCD19
# format = BAMPE
# ChIP-seq file = ['/gpfs/home/snagaraja/ATACseqPipeline/data/bams_noDups/shCD19.bam']
# control file = None
# effective genome size = 1.87e+09
# band width = 300
# model fold = [5, 50]
# qvalue cutoff = 1.00e-02
# The maximum gap between significant sites is assigned as the read length/tag size.
# The minimum length of peaks is assigned as the predicted fragment length "d".
# Larger dataset will be scaled towards smaller dataset.
# Range for calculating regional lambda is: 10000 bps
# Broad region calling is off
# Paired-End mode is on
# Searching for subpeak summits is on
 
INFO  @ Sun, 13 Mar 2022 22:35:28: #1 read fragment files... 
INFO  @ Sun, 13 Mar 2022 22:35:28: #1 read treatment fragments... 
INFO  @ Sun, 13 Mar 2022 22:35:34:  1000000 fragments parsed 
INFO  @ Sun, 13 Mar 2022 22:35:40:  2000000 fragments parsed 
INFO  @ Sun, 13 Mar 2022 22:35:46:  3000000 fragments parsed 
INFO  @ Sun, 13 Mar 2022 22:35:52:  4000000 fragments parsed 
INFO  @ Sun, 13 Mar 2022 22:35:58:  5000000 fragments parsed 
INFO  @ Sun, 13 Mar 2022 22:36:05:  6000000 fragments parsed 
INFO  @ Sun, 13 Mar 2022 22:36:11:  7000000 fragments parsed 
INFO  @ Sun, 13 Mar 2022 22:36:19:  8000000 fragments parsed 
INFO  @ Sun, 13 Mar 2022 22:36:25:  9000000 fragments parsed 
INFO  @ Sun, 13 Mar 2022 22:36:32:  10000000 fragments parsed 
INFO  @ Sun, 13 Mar 2022 22:36:38:  11000000 fragments parsed 
INFO  @ Sun, 13 Mar 2022 22:36:44:  12000000 fragments parsed 
INFO  @ Sun, 13 Mar 2022 22:36:50:  13000000 fragments parsed 
INFO  @ Sun, 13 Mar 2022 22:36:57:  14000000 fragments parsed 
INFO  @ Sun, 13 Mar 2022 22:37:03:  15000000 fragments parsed 
INFO  @ Sun, 13 Mar 2022 22:37:09:  16000000 fragments parsed 
INFO  @ Sun, 13 Mar 2022 22:37:15:  17000000 fragments parsed 
INFO  @ Sun, 13 Mar 2022 22:37:21:  18000000 fragments parsed 
INFO  @ Sun, 13 Mar 2022 22:37:27:  19000000 fragments parsed 
INFO  @ Sun, 13 Mar 2022 22:37:33:  20000000 fragments parsed 
INFO  @ Sun, 13 Mar 2022 22:37:40:  21000000 fragments parsed 
INFO  @ Sun, 13 Mar 2022 22:37:44: 21146254 fragments have been read. 
INFO  @ Sun, 13 Mar 2022 22:37:58: #1 mean fragment size is determined as 3059.5 bp from treatment 
INFO  @ Sun, 13 Mar 2022 22:37:58: #1 fragment size = 3059.5 
INFO  @ Sun, 13 Mar 2022 22:37:58: #1  total fragments in treatment: 21146254 
INFO  @ Sun, 13 Mar 2022 22:37:58: #1 user defined the maximum fragments... 
INFO  @ Sun, 13 Mar 2022 22:37:58: #1 filter out redundant fragments by allowing at most 1 identical fragment(s) 
INFO  @ Sun, 13 Mar 2022 22:38:23: #1  fragments after filtering in treatment: 21145618 
INFO  @ Sun, 13 Mar 2022 22:38:23: #1  Redundant rate of treatment: 0.00 
INFO  @ Sun, 13 Mar 2022 22:38:23: #1 finished! 
INFO  @ Sun, 13 Mar 2022 22:38:23: #2 Build Peak Model... 
INFO  @ Sun, 13 Mar 2022 22:38:23: #2 Skipped... 
INFO  @ Sun, 13 Mar 2022 22:38:23: #3 Call peaks... 
INFO  @ Sun, 13 Mar 2022 22:38:23: #3 Going to call summits inside each peak ... 
INFO  @ Sun, 13 Mar 2022 22:38:23: #3 Pre-compute pvalue-qvalue table... 
INFO  @ Sun, 13 Mar 2022 22:53:37: #3 In the peak calling step, the following will be performed simultaneously: 
INFO  @ Sun, 13 Mar 2022 22:53:37: #3   Write bedGraph files for treatment pileup (after scaling if necessary)... shCD19_treat_pileup.bdg 
INFO  @ Sun, 13 Mar 2022 22:53:37: #3   Write bedGraph files for control lambda (after scaling if necessary)... shCD19_control_lambda.bdg 
INFO  @ Sun, 13 Mar 2022 22:53:37: #3   Pileup will be based on sequencing depth in treatment. 
INFO  @ Sun, 13 Mar 2022 22:53:37: #3 Call peaks for each chromosome... 
INFO  @ Sun, 13 Mar 2022 22:55:52: #4 Write output xls file... /gpfs/home/snagaraja/ATACseqPipeline/data/macs3/shCD19_peaks.xls 
INFO  @ Sun, 13 Mar 2022 22:55:52: #4 Write peak in narrowPeak format file... /gpfs/home/snagaraja/ATACseqPipeline/data/macs3/shCD19_peaks.narrowPeak 
INFO  @ Sun, 13 Mar 2022 22:55:52: #4 Write summits bed file... /gpfs/home/snagaraja/ATACseqPipeline/data/macs3/shCD19_summits.bed 
INFO  @ Sun, 13 Mar 2022 22:55:52: Done! 
