INFO  @ Sun, 13 Mar 2022 22:35:28: 
# Command line: callpeak -t /gpfs/home/snagaraja/ATACseqPipeline/data/bams_noDups/shChd7.1_2.bam --outdir /gpfs/home/snagaraja/ATACseqPipeline/data/macs3/ --name shChd7.1_2 --format BAMPE -g mm --nomodel -q 0.01 --call-summits -B
# ARGUMENTS LIST:
# name = shChd7.1_2
# format = BAMPE
# ChIP-seq file = ['/gpfs/home/snagaraja/ATACseqPipeline/data/bams_noDups/shChd7.1_2.bam']
# control file = None
# effective genome size = 1.87e+09
# band width = 300
# model fold = [5, 50]
# qvalue cutoff = 1.00e-02
# The maximum gap between significant sites is assigned as the read length/tag size.
# The minimum length of peaks is assigned as the predicted fragment length "d".
# Larger dataset will be scaled towards smaller dataset.
# Range for calculating regional lambda is: 10000 bps
# Broad region calling is off
# Paired-End mode is on
# Searching for subpeak summits is on
 
INFO  @ Sun, 13 Mar 2022 22:35:28: #1 read fragment files... 
INFO  @ Sun, 13 Mar 2022 22:35:28: #1 read treatment fragments... 
INFO  @ Sun, 13 Mar 2022 22:35:34:  1000000 fragments parsed 
INFO  @ Sun, 13 Mar 2022 22:35:42:  2000000 fragments parsed 
INFO  @ Sun, 13 Mar 2022 22:35:49:  3000000 fragments parsed 
INFO  @ Sun, 13 Mar 2022 22:35:57:  4000000 fragments parsed 
INFO  @ Sun, 13 Mar 2022 22:36:03:  5000000 fragments parsed 
INFO  @ Sun, 13 Mar 2022 22:36:10:  6000000 fragments parsed 
INFO  @ Sun, 13 Mar 2022 22:36:16:  7000000 fragments parsed 
INFO  @ Sun, 13 Mar 2022 22:36:23:  8000000 fragments parsed 
INFO  @ Sun, 13 Mar 2022 22:36:30:  9000000 fragments parsed 
INFO  @ Sun, 13 Mar 2022 22:36:37:  10000000 fragments parsed 
INFO  @ Sun, 13 Mar 2022 22:36:43:  11000000 fragments parsed 
INFO  @ Sun, 13 Mar 2022 22:36:50:  12000000 fragments parsed 
INFO  @ Sun, 13 Mar 2022 22:36:57:  13000000 fragments parsed 
INFO  @ Sun, 13 Mar 2022 22:37:03:  14000000 fragments parsed 
INFO  @ Sun, 13 Mar 2022 22:37:10:  15000000 fragments parsed 
INFO  @ Sun, 13 Mar 2022 22:37:17:  16000000 fragments parsed 
INFO  @ Sun, 13 Mar 2022 22:37:23:  17000000 fragments parsed 
INFO  @ Sun, 13 Mar 2022 22:37:30:  18000000 fragments parsed 
INFO  @ Sun, 13 Mar 2022 22:37:36:  19000000 fragments parsed 
INFO  @ Sun, 13 Mar 2022 22:37:42:  20000000 fragments parsed 
INFO  @ Sun, 13 Mar 2022 22:37:49:  21000000 fragments parsed 
INFO  @ Sun, 13 Mar 2022 22:37:56:  22000000 fragments parsed 
INFO  @ Sun, 13 Mar 2022 22:38:02:  23000000 fragments parsed 
INFO  @ Sun, 13 Mar 2022 22:38:08:  24000000 fragments parsed 
INFO  @ Sun, 13 Mar 2022 22:38:14:  25000000 fragments parsed 
INFO  @ Sun, 13 Mar 2022 22:38:21:  26000000 fragments parsed 
INFO  @ Sun, 13 Mar 2022 22:38:26:  27000000 fragments parsed 
INFO  @ Sun, 13 Mar 2022 22:38:31:  28000000 fragments parsed 
INFO  @ Sun, 13 Mar 2022 22:38:40: 28774463 fragments have been read. 
INFO  @ Sun, 13 Mar 2022 22:39:00: #1 mean fragment size is determined as 4156.7 bp from treatment 
INFO  @ Sun, 13 Mar 2022 22:39:00: #1 fragment size = 4156.7 
INFO  @ Sun, 13 Mar 2022 22:39:00: #1  total fragments in treatment: 28774463 
INFO  @ Sun, 13 Mar 2022 22:39:00: #1 user defined the maximum fragments... 
INFO  @ Sun, 13 Mar 2022 22:39:00: #1 filter out redundant fragments by allowing at most 1 identical fragment(s) 
INFO  @ Sun, 13 Mar 2022 22:39:34: #1  fragments after filtering in treatment: 28774029 
INFO  @ Sun, 13 Mar 2022 22:39:34: #1  Redundant rate of treatment: 0.00 
INFO  @ Sun, 13 Mar 2022 22:39:34: #1 finished! 
INFO  @ Sun, 13 Mar 2022 22:39:34: #2 Build Peak Model... 
INFO  @ Sun, 13 Mar 2022 22:39:34: #2 Skipped... 
INFO  @ Sun, 13 Mar 2022 22:39:34: #3 Call peaks... 
INFO  @ Sun, 13 Mar 2022 22:39:34: #3 Going to call summits inside each peak ... 
INFO  @ Sun, 13 Mar 2022 22:39:34: #3 Pre-compute pvalue-qvalue table... 
INFO  @ Sun, 13 Mar 2022 22:59:52: #3 In the peak calling step, the following will be performed simultaneously: 
INFO  @ Sun, 13 Mar 2022 22:59:52: #3   Write bedGraph files for treatment pileup (after scaling if necessary)... shChd7.1_2_treat_pileup.bdg 
INFO  @ Sun, 13 Mar 2022 22:59:52: #3   Write bedGraph files for control lambda (after scaling if necessary)... shChd7.1_2_control_lambda.bdg 
INFO  @ Sun, 13 Mar 2022 22:59:52: #3   Pileup will be based on sequencing depth in treatment. 
INFO  @ Sun, 13 Mar 2022 22:59:52: #3 Call peaks for each chromosome... 
INFO  @ Sun, 13 Mar 2022 23:03:03: #4 Write output xls file... /gpfs/home/snagaraja/ATACseqPipeline/data/macs3/shChd7.1_2_peaks.xls 
INFO  @ Sun, 13 Mar 2022 23:03:03: #4 Write peak in narrowPeak format file... /gpfs/home/snagaraja/ATACseqPipeline/data/macs3/shChd7.1_2_peaks.narrowPeak 
INFO  @ Sun, 13 Mar 2022 23:03:03: #4 Write summits bed file... /gpfs/home/snagaraja/ATACseqPipeline/data/macs3/shChd7.1_2_summits.bed 
INFO  @ Sun, 13 Mar 2022 23:03:03: Done! 
