INFO  @ Sun, 13 Mar 2022 22:35:28: 
# Command line: callpeak -t /gpfs/home/snagaraja/ATACseqPipeline/data/bams_noDups/shChd7.3_1.bam --outdir /gpfs/home/snagaraja/ATACseqPipeline/data/macs3/ --name shChd7.3_1 --format BAMPE -g mm --nomodel -q 0.01 --call-summits -B
# ARGUMENTS LIST:
# name = shChd7.3_1
# format = BAMPE
# ChIP-seq file = ['/gpfs/home/snagaraja/ATACseqPipeline/data/bams_noDups/shChd7.3_1.bam']
# control file = None
# effective genome size = 1.87e+09
# band width = 300
# model fold = [5, 50]
# qvalue cutoff = 1.00e-02
# The maximum gap between significant sites is assigned as the read length/tag size.
# The minimum length of peaks is assigned as the predicted fragment length "d".
# Larger dataset will be scaled towards smaller dataset.
# Range for calculating regional lambda is: 10000 bps
# Broad region calling is off
# Paired-End mode is on
# Searching for subpeak summits is on
 
INFO  @ Sun, 13 Mar 2022 22:35:28: #1 read fragment files... 
INFO  @ Sun, 13 Mar 2022 22:35:28: #1 read treatment fragments... 
INFO  @ Sun, 13 Mar 2022 22:35:35:  1000000 fragments parsed 
INFO  @ Sun, 13 Mar 2022 22:35:43:  2000000 fragments parsed 
INFO  @ Sun, 13 Mar 2022 22:35:51:  3000000 fragments parsed 
INFO  @ Sun, 13 Mar 2022 22:35:59:  4000000 fragments parsed 
INFO  @ Sun, 13 Mar 2022 22:36:06:  5000000 fragments parsed 
INFO  @ Sun, 13 Mar 2022 22:36:14:  6000000 fragments parsed 
INFO  @ Sun, 13 Mar 2022 22:36:21:  7000000 fragments parsed 
INFO  @ Sun, 13 Mar 2022 22:36:29:  8000000 fragments parsed 
INFO  @ Sun, 13 Mar 2022 22:36:36:  9000000 fragments parsed 
INFO  @ Sun, 13 Mar 2022 22:36:44:  10000000 fragments parsed 
INFO  @ Sun, 13 Mar 2022 22:36:51:  11000000 fragments parsed 
INFO  @ Sun, 13 Mar 2022 22:36:59:  12000000 fragments parsed 
INFO  @ Sun, 13 Mar 2022 22:37:06:  13000000 fragments parsed 
INFO  @ Sun, 13 Mar 2022 22:37:14:  14000000 fragments parsed 
INFO  @ Sun, 13 Mar 2022 22:37:21:  15000000 fragments parsed 
INFO  @ Sun, 13 Mar 2022 22:37:29:  16000000 fragments parsed 
INFO  @ Sun, 13 Mar 2022 22:37:36:  17000000 fragments parsed 
INFO  @ Sun, 13 Mar 2022 22:37:44:  18000000 fragments parsed 
INFO  @ Sun, 13 Mar 2022 22:37:51:  19000000 fragments parsed 
INFO  @ Sun, 13 Mar 2022 22:38:00: 19911068 fragments have been read. 
INFO  @ Sun, 13 Mar 2022 22:38:16: #1 mean fragment size is determined as 3808.2 bp from treatment 
INFO  @ Sun, 13 Mar 2022 22:38:16: #1 fragment size = 3808.2 
INFO  @ Sun, 13 Mar 2022 22:38:16: #1  total fragments in treatment: 19911068 
INFO  @ Sun, 13 Mar 2022 22:38:16: #1 user defined the maximum fragments... 
INFO  @ Sun, 13 Mar 2022 22:38:16: #1 filter out redundant fragments by allowing at most 1 identical fragment(s) 
INFO  @ Sun, 13 Mar 2022 22:38:51: #1  fragments after filtering in treatment: 19911013 
INFO  @ Sun, 13 Mar 2022 22:38:51: #1  Redundant rate of treatment: 0.00 
INFO  @ Sun, 13 Mar 2022 22:38:51: #1 finished! 
INFO  @ Sun, 13 Mar 2022 22:38:51: #2 Build Peak Model... 
INFO  @ Sun, 13 Mar 2022 22:38:51: #2 Skipped... 
INFO  @ Sun, 13 Mar 2022 22:38:51: #3 Call peaks... 
INFO  @ Sun, 13 Mar 2022 22:38:51: #3 Going to call summits inside each peak ... 
INFO  @ Sun, 13 Mar 2022 22:38:51: #3 Pre-compute pvalue-qvalue table... 
INFO  @ Sun, 13 Mar 2022 22:50:52: #3 In the peak calling step, the following will be performed simultaneously: 
INFO  @ Sun, 13 Mar 2022 22:50:52: #3   Write bedGraph files for treatment pileup (after scaling if necessary)... shChd7.3_1_treat_pileup.bdg 
INFO  @ Sun, 13 Mar 2022 22:50:52: #3   Write bedGraph files for control lambda (after scaling if necessary)... shChd7.3_1_control_lambda.bdg 
INFO  @ Sun, 13 Mar 2022 22:50:52: #3   Pileup will be based on sequencing depth in treatment. 
INFO  @ Sun, 13 Mar 2022 22:50:52: #3 Call peaks for each chromosome... 
INFO  @ Sun, 13 Mar 2022 22:55:29: #4 Write output xls file... /gpfs/home/snagaraja/ATACseqPipeline/data/macs3/shChd7.3_1_peaks.xls 
INFO  @ Sun, 13 Mar 2022 22:55:29: #4 Write peak in narrowPeak format file... /gpfs/home/snagaraja/ATACseqPipeline/data/macs3/shChd7.3_1_peaks.narrowPeak 
INFO  @ Sun, 13 Mar 2022 22:55:29: #4 Write summits bed file... /gpfs/home/snagaraja/ATACseqPipeline/data/macs3/shChd7.3_1_summits.bed 
INFO  @ Sun, 13 Mar 2022 22:55:29: Done! 
